<?xml version="1.0" encoding="UTF-8"?>
<!-- Generated by org.testng.reporters.JUnitReportReporter -->
<testsuite name="tdd.AngleOfTriangle" tests="2" time="13.640" ignored="0" failures="0" timestamp="05 Nov 2020 17:12:03 GMT" skipped="0" hostname="LAPTOP-K6CCE1GJ" errors="0">
  <testcase name="calculateAreaOfTriangleUsingScannerClass" time="13.639" classname="tdd.AngleOfTriangle"/>
  <testcase name="calculateAreaOfTriangle" time="0.001" classname="tdd.AngleOfTriangle"/>
</testsuite> <!-- tdd.AngleOfTriangle -->
