<?xml version="1.0" encoding="UTF-8"?>
<!-- Generated by org.testng.reporters.JUnitReportReporter -->
<testsuite name="tdd.TestCases" tests="2" time="35.497" ignored="0" failures="0" timestamp="05 Nov 2020 16:55:49 GMT" skipped="0" hostname="LAPTOP-K6CCE1GJ" errors="0">
  <testcase name="calculateAreaOfTriangle" time="0.001" classname="tdd.TestCases"/>
  <testcase name="calculateAreaOfTriangleUsingScannerClass" time="35.496" classname="tdd.TestCases"/>
</testsuite> <!-- tdd.TestCases -->
