<?xml version="1.0" encoding="UTF-8"?>
<!-- Generated by org.testng.reporters.JUnitReportReporter -->
<testsuite name="tdd.PrintNumbers" tests="2" time="0.006" ignored="0" failures="0" timestamp="05 Nov 2020 17:12:03 GMT" skipped="0" hostname="LAPTOP-K6CCE1GJ" errors="0">
  <testcase name="unitTestIndexex" time="0.001" classname="tdd.PrintNumbers"/>
  <testcase name="printNumbers" time="0.005" classname="tdd.PrintNumbers"/>
</testsuite> <!-- tdd.PrintNumbers -->
