<?xml version="1.0" encoding="UTF-8"?>
<!-- Generated by org.testng.reporters.JUnitReportReporter -->
<testsuite name="tdd.SeleniumTests" tests="2" time="31.926" ignored="0" failures="0" timestamp="05 Nov 2020 16:54:50 GMT" skipped="0" hostname="LAPTOP-K6CCE1GJ" errors="0">
  <testcase name="verifyFounderIsVisible" time="17.895" classname="tdd.SeleniumTests"/>
  <testcase name="verifyHomePageLoadsSuccessfully" time="14.031" classname="tdd.SeleniumTests"/>
</testsuite> <!-- tdd.SeleniumTests -->
