<?xml version="1.0" encoding="UTF-8"?>
<!-- Generated by org.testng.reporters.JUnitReportReporter -->
<testsuite name="tdd.SeleniumTests" tests="2" time="34.596" ignored="0" failures="0" timestamp="05 Nov 2020 17:12:03 GMT" skipped="0" hostname="LAPTOP-K6CCE1GJ" errors="0">
  <testcase name="verifyFounderIsVisible" time="18.892" classname="tdd.SeleniumTests"/>
  <testcase name="verifyHomePageLoadsSuccessfully" time="15.704" classname="tdd.SeleniumTests"/>
</testsuite> <!-- tdd.SeleniumTests -->
